   8305 符号帳の001番目の代表ベクトルと一致
   1243 符号帳の002番目の代表ベクトルと一致
     92 符号帳の003番目の代表ベクトルと一致
     86 符号帳の004番目の代表ベクトルと一致
     49 符号帳の005番目の代表ベクトルと一致
     63 符号帳の006番目の代表ベクトルと一致
     54 符号帳の007番目の代表ベクトルと一致
     30 符号帳の008番目の代表ベクトルと一致
     62 符号帳の009番目の代表ベクトルと一致
     49 符号帳の010番目の代表ベクトルと一致
     55 符号帳の011番目の代表ベクトルと一致
     33 符号帳の012番目の代表ベクトルと一致
     61 符号帳の013番目の代表ベクトルと一致
     18 符号帳の014番目の代表ベクトルと一致
      5 符号帳の015番目の代表ベクトルと一致
     24 符号帳の016番目の代表ベクトルと一致
      4 符号帳の017番目の代表ベクトルと一致
      1 符号帳の018番目の代表ベクトルと一致
     43 符号帳の019番目の代表ベクトルと一致
      1 符号帳の020番目の代表ベクトルと一致
     20 符号帳の021番目の代表ベクトルと一致
     12 符号帳の022番目の代表ベクトルと一致
     21 符号帳の023番目の代表ベクトルと一致
     31 符号帳の024番目の代表ベクトルと一致
     13 符号帳の025番目の代表ベクトルと一致
     15 符号帳の026番目の代表ベクトルと一致
     33 符号帳の027番目の代表ベクトルと一致
      1 符号帳の031番目の代表ベクトルと一致
      1 符号帳の033番目の代表ベクトルと一致
      7 符号帳の034番目の代表ベクトルと一致
      1 符号帳の035番目の代表ベクトルと一致
      1 符号帳の041番目の代表ベクトルと一致
     13 符号帳の042番目の代表ベクトルと一致
     12 符号帳の043番目の代表ベクトルと一致
      3 符号帳の048番目の代表ベクトルと一致
     13 符号帳の049番目の代表ベクトルと一致
      6 符号帳の050番目の代表ベクトルと一致
      2 符号帳の052番目の代表ベクトルと一致
      8 符号帳の055番目の代表ベクトルと一致
      2 符号帳の058番目の代表ベクトルと一致
      1 符号帳の059番目の代表ベクトルと一致
      1 符号帳の062番目の代表ベクトルと一致
      2 符号帳の068番目の代表ベクトルと一致
      1 符号帳の070番目の代表ベクトルと一致
     10 符号帳の072番目の代表ベクトルと一致
      1 符号帳の073番目の代表ベクトルと一致
      1 符号帳の075番目の代表ベクトルと一致
      3 符号帳の080番目の代表ベクトルと一致
      1 符号帳の083番目の代表ベクトルと一致
      1 符号帳の090番目の代表ベクトルと一致
      4 符号帳の093番目の代表ベクトルと一致
      1 符号帳の096番目の代表ベクトルと一致
      1 符号帳の100番目の代表ベクトルと一致
      1 符号帳の102番目の代表ベクトルと一致
      1 符号帳の106番目の代表ベクトルと一致
      1 符号帳の107番目の代表ベクトルと一致
      2 符号帳の108番目の代表ベクトルと一致
      1 符号帳の111番目の代表ベクトルと一致
      1 符号帳の114番目の代表ベクトルと一致
      1 符号帳の115番目の代表ベクトルと一致
      4 符号帳の117番目の代表ベクトルと一致
      7 符号帳の120番目の代表ベクトルと一致
      1 符号帳の121番目の代表ベクトルと一致
      9 符号帳の130番目の代表ベクトルと一致
      1 符号帳の133番目の代表ベクトルと一致
      1 符号帳の135番目の代表ベクトルと一致
      2 符号帳の143番目の代表ベクトルと一致
      2 符号帳の153番目の代表ベクトルと一致
      1 符号帳の154番目の代表ベクトルと一致
      2 符号帳の155番目の代表ベクトルと一致
      1 符号帳の163番目の代表ベクトルと一致
      1 符号帳の164番目の代表ベクトルと一致
      1 符号帳の167番目の代表ベクトルと一致
      1 符号帳の168番目の代表ベクトルと一致
      2 符号帳の172番目の代表ベクトルと一致
      2 符号帳の183番目の代表ベクトルと一致
      2 符号帳の184番目の代表ベクトルと一致
      1 符号帳の185番目の代表ベクトルと一致
      1 符号帳の186番目の代表ベクトルと一致
      2 符号帳の188番目の代表ベクトルと一致
      1 符号帳の191番目の代表ベクトルと一致
      1 符号帳の193番目の代表ベクトルと一致
      1 符号帳の194番目の代表ベクトルと一致
      1 符号帳の199番目の代表ベクトルと一致
      1 符号帳の201番目の代表ベクトルと一致
      2 符号帳の203番目の代表ベクトルと一致
      1 符号帳の207番目の代表ベクトルと一致
      2 符号帳の209番目の代表ベクトルと一致
      1 符号帳の210番目の代表ベクトルと一致
      1 符号帳の212番目の代表ベクトルと一致
      1 符号帳の216番目の代表ベクトルと一致
      1 符号帳の221番目の代表ベクトルと一致
      2 符号帳の223番目の代表ベクトルと一致
      1 符号帳の224番目の代表ベクトルと一致
      1 符号帳の227番目の代表ベクトルと一致
      1 符号帳の229番目の代表ベクトルと一致
      1 符号帳の234番目の代表ベクトルと一致
      2 符号帳の236番目の代表ベクトルと一致
      1 符号帳の239番目の代表ベクトルと一致
      1 符号帳の242番目の代表ベクトルと一致
      1 符号帳の262番目の代表ベクトルと一致
      3 符号帳の268番目の代表ベクトルと一致
      1 符号帳の283番目の代表ベクトルと一致
      1 符号帳の295番目の代表ベクトルと一致
      2 符号帳の302番目の代表ベクトルと一致
      2 符号帳の315番目の代表ベクトルと一致
      1 符号帳の321番目の代表ベクトルと一致
      1 符号帳の323番目の代表ベクトルと一致
      1 符号帳の329番目の代表ベクトルと一致
      1 符号帳の349番目の代表ベクトルと一致
      1 符号帳の359番目の代表ベクトルと一致
      1 符号帳の376番目の代表ベクトルと一致
      1 符号帳の377番目の代表ベクトルと一致
      1 符号帳の386番目の代表ベクトルと一致
      1 符号帳の398番目の代表ベクトルと一致
      1 符号帳の405番目の代表ベクトルと一致
      1 符号帳の407番目の代表ベクトルと一致
      1 符号帳の418番目の代表ベクトルと一致
      1 符号帳の421番目の代表ベクトルと一致
      3 符号帳の450番目の代表ベクトルと一致
      1 符号帳の451番目の代表ベクトルと一致
      1 符号帳の489番目の代表ベクトルと一致
      1 符号帳の494番目の代表ベクトルと一致
      1 符号帳の495番目の代表ベクトルと一致
      1 符号帳の499番目の代表ベクトルと一致
      1 符号帳の502番目の代表ベクトルと一致
      1 符号帳の504番目の代表ベクトルと一致
      1 符号帳の512番目の代表ベクトルと一致
      1 符号帳の523番目の代表ベクトルと一致
      1 符号帳の547番目の代表ベクトルと一致
      1 符号帳の557番目の代表ベクトルと一致
      1 符号帳の566番目の代表ベクトルと一致
      1 符号帳の590番目の代表ベクトルと一致
      1 符号帳の591番目の代表ベクトルと一致
      1 符号帳の592番目の代表ベクトルと一致
      1 符号帳の594番目の代表ベクトルと一致
      1 符号帳の617番目の代表ベクトルと一致
      1 符号帳の619番目の代表ベクトルと一致
      1 符号帳の621番目の代表ベクトルと一致
      1 符号帳の622番目の代表ベクトルと一致
      1 符号帳の623番目の代表ベクトルと一致
      1 符号帳の626番目の代表ベクトルと一致
      1 符号帳の628番目の代表ベクトルと一致
      1 符号帳の630番目の代表ベクトルと一致
      1 符号帳の642番目の代表ベクトルと一致
      1 符号帳の643番目の代表ベクトルと一致
      1 符号帳の662番目の代表ベクトルと一致
      1 符号帳の663番目の代表ベクトルと一致
      1 符号帳の665番目の代表ベクトルと一致
      1 符号帳の666番目の代表ベクトルと一致
      1 符号帳の675番目の代表ベクトルと一致
      1 符号帳の679番目の代表ベクトルと一致
