   8579 符号帳の001番目の代表ベクトルと一致
   1400 符号帳の002番目の代表ベクトルと一致
      7 符号帳の003番目の代表ベクトルと一致
     91 符号帳の004番目の代表ベクトルと一致
     36 符号帳の005番目の代表ベクトルと一致
     19 符号帳の006番目の代表ベクトルと一致
     77 符号帳の007番目の代表ベクトルと一致
      1 符号帳の008番目の代表ベクトルと一致
     43 符号帳の009番目の代表ベクトルと一致
     74 符号帳の010番目の代表ベクトルと一致
    136 符号帳の011番目の代表ベクトルと一致
      5 符号帳の012番目の代表ベクトルと一致
     69 符号帳の013番目の代表ベクトルと一致
      1 符号帳の014番目の代表ベクトルと一致
     17 符号帳の016番目の代表ベクトルと一致
      6 符号帳の019番目の代表ベクトルと一致
      6 符号帳の021番目の代表ベクトルと一致
     15 符号帳の022番目の代表ベクトルと一致
     10 符号帳の023番目の代表ベクトルと一致
      3 符号帳の024番目の代表ベクトルと一致
      3 符号帳の025番目の代表ベクトルと一致
      1 符号帳の026番目の代表ベクトルと一致
     32 符号帳の027番目の代表ベクトルと一致
      4 符号帳の034番目の代表ベクトルと一致
      8 符号帳の042番目の代表ベクトルと一致
      1 符号帳の044番目の代表ベクトルと一致
      1 符号帳の049番目の代表ベクトルと一致
      2 符号帳の058番目の代表ベクトルと一致
      1 符号帳の063番目の代表ベクトルと一致
      1 符号帳の120番目の代表ベクトルと一致
      1 符号帳の132番目の代表ベクトルと一致
      1 符号帳の153番目の代表ベクトルと一致
      1 符号帳の155番目の代表ベクトルと一致
      1 符号帳の156番目の代表ベクトルと一致
      1 符号帳の167番目の代表ベクトルと一致
      1 符号帳の241番目の代表ベクトルと一致
      1 符号帳の366番目の代表ベクトルと一致
