   8248 符号帳の001番目の代表ベクトルと一致
   1219 符号帳の002番目の代表ベクトルと一致
     91 符号帳の003番目の代表ベクトルと一致
     69 符号帳の004番目の代表ベクトルと一致
     59 符号帳の005番目の代表ベクトルと一致
     64 符号帳の006番目の代表ベクトルと一致
     47 符号帳の007番目の代表ベクトルと一致
     42 符号帳の008番目の代表ベクトルと一致
     59 符号帳の009番目の代表ベクトルと一致
     36 符号帳の010番目の代表ベクトルと一致
     41 符号帳の011番目の代表ベクトルと一致
     32 符号帳の012番目の代表ベクトルと一致
     46 符号帳の013番目の代表ベクトルと一致
     31 符号帳の014番目の代表ベクトルと一致
      7 符号帳の015番目の代表ベクトルと一致
     21 符号帳の016番目の代表ベクトルと一致
      2 符号帳の017番目の代表ベクトルと一致
      1 符号帳の018番目の代表ベクトルと一致
     39 符号帳の019番目の代表ベクトルと一致
      2 符号帳の020番目の代表ベクトルと一致
     20 符号帳の021番目の代表ベクトルと一致
     12 符号帳の022番目の代表ベクトルと一致
     18 符号帳の023番目の代表ベクトルと一致
     25 符号帳の024番目の代表ベクトルと一致
     15 符号帳の025番目の代表ベクトルと一致
     23 符号帳の026番目の代表ベクトルと一致
     22 符号帳の027番目の代表ベクトルと一致
      1 符号帳の028番目の代表ベクトルと一致
      1 符号帳の029番目の代表ベクトルと一致
      1 符号帳の030番目の代表ベクトルと一致
      1 符号帳の031番目の代表ベクトルと一致
      1 符号帳の033番目の代表ベクトルと一致
      3 符号帳の038番目の代表ベクトルと一致
      7 符号帳の041番目の代表ベクトルと一致
     14 符号帳の042番目の代表ベクトルと一致
     16 符号帳の043番目の代表ベクトルと一致
      2 符号帳の044番目の代表ベクトルと一致
      2 符号帳の046番目の代表ベクトルと一致
      1 符号帳の047番目の代表ベクトルと一致
      7 符号帳の048番目の代表ベクトルと一致
      8 符号帳の049番目の代表ベクトルと一致
      1 符号帳の050番目の代表ベクトルと一致
     14 符号帳の052番目の代表ベクトルと一致
     17 符号帳の055番目の代表ベクトルと一致
      1 符号帳の057番目の代表ベクトルと一致
      1 符号帳の062番目の代表ベクトルと一致
      1 符号帳の064番目の代表ベクトルと一致
      1 符号帳の068番目の代表ベクトルと一致
     14 符号帳の072番目の代表ベクトルと一致
      4 符号帳の075番目の代表ベクトルと一致
      2 符号帳の076番目の代表ベクトルと一致
      1 符号帳の080番目の代表ベクトルと一致
      1 符号帳の082番目の代表ベクトルと一致
      2 符号帳の084番目の代表ベクトルと一致
      1 符号帳の087番目の代表ベクトルと一致
      3 符号帳の088番目の代表ベクトルと一致
      1 符号帳の090番目の代表ベクトルと一致
      1 符号帳の091番目の代表ベクトルと一致
      2 符号帳の093番目の代表ベクトルと一致
      1 符号帳の096番目の代表ベクトルと一致
      1 符号帳の100番目の代表ベクトルと一致
      3 符号帳の104番目の代表ベクトルと一致
      2 符号帳の110番目の代表ベクトルと一致
      2 符号帳の114番目の代表ベクトルと一致
      6 符号帳の117番目の代表ベクトルと一致
      1 符号帳の118番目の代表ベクトルと一致
      5 符号帳の120番目の代表ベクトルと一致
      1 符号帳の126番目の代表ベクトルと一致
      1 符号帳の128番目の代表ベクトルと一致
      8 符号帳の130番目の代表ベクトルと一致
      3 符号帳の133番目の代表ベクトルと一致
      2 符号帳の134番目の代表ベクトルと一致
      1 符号帳の135番目の代表ベクトルと一致
      2 符号帳の137番目の代表ベクトルと一致
      2 符号帳の139番目の代表ベクトルと一致
      1 符号帳の141番目の代表ベクトルと一致
      1 符号帳の143番目の代表ベクトルと一致
      1 符号帳の145番目の代表ベクトルと一致
      1 符号帳の153番目の代表ベクトルと一致
      2 符号帳の155番目の代表ベクトルと一致
      1 符号帳の156番目の代表ベクトルと一致
      1 符号帳の158番目の代表ベクトルと一致
      1 符号帳の162番目の代表ベクトルと一致
      1 符号帳の168番目の代表ベクトルと一致
      3 符号帳の172番目の代表ベクトルと一致
      1 符号帳の176番目の代表ベクトルと一致
      1 符号帳の178番目の代表ベクトルと一致
      1 符号帳の182番目の代表ベクトルと一致
      1 符号帳の183番目の代表ベクトルと一致
      1 符号帳の184番目の代表ベクトルと一致
      1 符号帳の185番目の代表ベクトルと一致
      1 符号帳の186番目の代表ベクトルと一致
      1 符号帳の189番目の代表ベクトルと一致
      1 符号帳の190番目の代表ベクトルと一致
      1 符号帳の191番目の代表ベクトルと一致
      1 符号帳の193番目の代表ベクトルと一致
      1 符号帳の194番目の代表ベクトルと一致
      3 符号帳の199番目の代表ベクトルと一致
      1 符号帳の200番目の代表ベクトルと一致
      1 符号帳の201番目の代表ベクトルと一致
      1 符号帳の202番目の代表ベクトルと一致
      1 符号帳の203番目の代表ベクトルと一致
      1 符号帳の207番目の代表ベクトルと一致
      2 符号帳の208番目の代表ベクトルと一致
      1 符号帳の209番目の代表ベクトルと一致
      1 符号帳の213番目の代表ベクトルと一致
      1 符号帳の216番目の代表ベクトルと一致
      1 符号帳の218番目の代表ベクトルと一致
      1 符号帳の220番目の代表ベクトルと一致
      3 符号帳の221番目の代表ベクトルと一致
      6 符号帳の222番目の代表ベクトルと一致
      1 符号帳の223番目の代表ベクトルと一致
      1 符号帳の227番目の代表ベクトルと一致
      1 符号帳の234番目の代表ベクトルと一致
      2 符号帳の235番目の代表ベクトルと一致
      1 符号帳の236番目の代表ベクトルと一致
      1 符号帳の237番目の代表ベクトルと一致
      1 符号帳の239番目の代表ベクトルと一致
      1 符号帳の240番目の代表ベクトルと一致
      1 符号帳の241番目の代表ベクトルと一致
      2 符号帳の242番目の代表ベクトルと一致
      2 符号帳の245番目の代表ベクトルと一致
      3 符号帳の247番目の代表ベクトルと一致
      1 符号帳の249番目の代表ベクトルと一致
      1 符号帳の250番目の代表ベクトルと一致
      1 符号帳の258番目の代表ベクトルと一致
      1 符号帳の262番目の代表ベクトルと一致
      1 符号帳の267番目の代表ベクトルと一致
      1 符号帳の276番目の代表ベクトルと一致
      1 符号帳の279番目の代表ベクトルと一致
      1 符号帳の280番目の代表ベクトルと一致
      1 符号帳の282番目の代表ベクトルと一致
      1 符号帳の285番目の代表ベクトルと一致
      1 符号帳の286番目の代表ベクトルと一致
      1 符号帳の287番目の代表ベクトルと一致
      2 符号帳の293番目の代表ベクトルと一致
      1 符号帳の295番目の代表ベクトルと一致
      1 符号帳の298番目の代表ベクトルと一致
      3 符号帳の302番目の代表ベクトルと一致
      2 符号帳の326番目の代表ベクトルと一致
      2 符号帳の329番目の代表ベクトルと一致
      2 符号帳の330番目の代表ベクトルと一致
      1 符号帳の332番目の代表ベクトルと一致
      1 符号帳の334番目の代表ベクトルと一致
      1 符号帳の338番目の代表ベクトルと一致
      1 符号帳の339番目の代表ベクトルと一致
      1 符号帳の346番目の代表ベクトルと一致
      1 符号帳の347番目の代表ベクトルと一致
      1 符号帳の353番目の代表ベクトルと一致
      1 符号帳の355番目の代表ベクトルと一致
      1 符号帳の357番目の代表ベクトルと一致
      1 符号帳の375番目の代表ベクトルと一致
      1 符号帳の376番目の代表ベクトルと一致
      1 符号帳の377番目の代表ベクトルと一致
      1 符号帳の383番目の代表ベクトルと一致
      1 符号帳の386番目の代表ベクトルと一致
      1 符号帳の392番目の代表ベクトルと一致
      1 符号帳の394番目の代表ベクトルと一致
      1 符号帳の397番目の代表ベクトルと一致
      1 符号帳の399番目の代表ベクトルと一致
      1 符号帳の403番目の代表ベクトルと一致
      1 符号帳の404番目の代表ベクトルと一致
      1 符号帳の405番目の代表ベクトルと一致
      2 符号帳の407番目の代表ベクトルと一致
      2 符号帳の413番目の代表ベクトルと一致
      1 符号帳の416番目の代表ベクトルと一致
      1 符号帳の422番目の代表ベクトルと一致
      1 符号帳の423番目の代表ベクトルと一致
      1 符号帳の425番目の代表ベクトルと一致
      1 符号帳の434番目の代表ベクトルと一致
      1 符号帳の435番目の代表ベクトルと一致
      1 符号帳の438番目の代表ベクトルと一致
      1 符号帳の450番目の代表ベクトルと一致
      1 符号帳の451番目の代表ベクトルと一致
      1 符号帳の458番目の代表ベクトルと一致
      2 符号帳の462番目の代表ベクトルと一致
      1 符号帳の467番目の代表ベクトルと一致
      1 符号帳の468番目の代表ベクトルと一致
      1 符号帳の481番目の代表ベクトルと一致
      1 符号帳の487番目の代表ベクトルと一致
      1 符号帳の489番目の代表ベクトルと一致
      3 符号帳の494番目の代表ベクトルと一致
      1 符号帳の499番目の代表ベクトルと一致
      2 符号帳の502番目の代表ベクトルと一致
      1 符号帳の504番目の代表ベクトルと一致
      1 符号帳の506番目の代表ベクトルと一致
      2 符号帳の512番目の代表ベクトルと一致
      1 符号帳の517番目の代表ベクトルと一致
      1 符号帳の523番目の代表ベクトルと一致
      1 符号帳の524番目の代表ベクトルと一致
      1 符号帳の530番目の代表ベクトルと一致
      1 符号帳の531番目の代表ベクトルと一致
      1 符号帳の541番目の代表ベクトルと一致
      1 符号帳の545番目の代表ベクトルと一致
      1 符号帳の546番目の代表ベクトルと一致
      1 符号帳の547番目の代表ベクトルと一致
      1 符号帳の553番目の代表ベクトルと一致
      1 符号帳の557番目の代表ベクトルと一致
      1 符号帳の566番目の代表ベクトルと一致
      1 符号帳の569番目の代表ベクトルと一致
      1 符号帳の591番目の代表ベクトルと一致
      2 符号帳の592番目の代表ベクトルと一致
      1 符号帳の595番目の代表ベクトルと一致
      2 符号帳の596番目の代表ベクトルと一致
      1 符号帳の598番目の代表ベクトルと一致
      1 符号帳の600番目の代表ベクトルと一致
      1 符号帳の605番目の代表ベクトルと一致
      1 符号帳の614番目の代表ベクトルと一致
      1 符号帳の619番目の代表ベクトルと一致
      1 符号帳の620番目の代表ベクトルと一致
      1 符号帳の621番目の代表ベクトルと一致
      1 符号帳の622番目の代表ベクトルと一致
      1 符号帳の623番目の代表ベクトルと一致
      1 符号帳の624番目の代表ベクトルと一致
      1 符号帳の626番目の代表ベクトルと一致
      1 符号帳の628番目の代表ベクトルと一致
      1 符号帳の630番目の代表ベクトルと一致
      1 符号帳の638番目の代表ベクトルと一致
      1 符号帳の642番目の代表ベクトルと一致
      1 符号帳の656番目の代表ベクトルと一致
      1 符号帳の661番目の代表ベクトルと一致
      1 符号帳の662番目の代表ベクトルと一致
      1 符号帳の663番目の代表ベクトルと一致
      1 符号帳の665番目の代表ベクトルと一致
      1 符号帳の666番目の代表ベクトルと一致
      1 符号帳の667番目の代表ベクトルと一致
      1 符号帳の670番目の代表ベクトルと一致
      1 符号帳の674番目の代表ベクトルと一致
      1 符号帳の675番目の代表ベクトルと一致
      1 符号帳の677番目の代表ベクトルと一致
      1 符号帳の678番目の代表ベクトルと一致
      1 符号帳の679番目の代表ベクトルと一致
