   8614 符号帳の001番目の代表ベクトルと一致
   1425 符号帳の002番目の代表ベクトルと一致
      7 符号帳の003番目の代表ベクトルと一致
    101 符号帳の004番目の代表ベクトルと一致
     29 符号帳の005番目の代表ベクトルと一致
      9 符号帳の006番目の代表ベクトルと一致
     93 符号帳の007番目の代表ベクトルと一致
      1 符号帳の008番目の代表ベクトルと一致
     53 符号帳の009番目の代表ベクトルと一致
     71 符号帳の010番目の代表ベクトルと一致
    135 符号帳の011番目の代表ベクトルと一致
      5 符号帳の012番目の代表ベクトルと一致
     54 符号帳の013番目の代表ベクトルと一致
      1 符号帳の014番目の代表ベクトルと一致
      6 符号帳の016番目の代表ベクトルと一致
      6 符号帳の019番目の代表ベクトルと一致
      2 符号帳の021番目の代表ベクトルと一致
     14 符号帳の022番目の代表ベクトルと一致
      4 符号帳の023番目の代表ベクトルと一致
      1 符号帳の024番目の代表ベクトルと一致
      3 符号帳の025番目の代表ベクトルと一致
      1 符号帳の026番目の代表ベクトルと一致
     13 符号帳の027番目の代表ベクトルと一致
      4 符号帳の034番目の代表ベクトルと一致
      1 符号帳の046番目の代表ベクトルと一致
      2 符号帳の058番目の代表ベクトルと一致
      1 符号帳の133番目の代表ベクトルと一致
