   8496 符号帳の001番目の代表ベクトルと一致
   1328 符号帳の002番目の代表ベクトルと一致
      4 符号帳の003番目の代表ベクトルと一致
     92 符号帳の004番目の代表ベクトルと一致
     32 符号帳の005番目の代表ベクトルと一致
     41 符号帳の006番目の代表ベクトルと一致
     63 符号帳の007番目の代表ベクトルと一致
      3 符号帳の008番目の代表ベクトルと一致
     48 符号帳の009番目の代表ベクトルと一致
     65 符号帳の010番目の代表ベクトルと一致
     95 符号帳の011番目の代表ベクトルと一致
     21 符号帳の012番目の代表ベクトルと一致
     82 符号帳の013番目の代表ベクトルと一致
      3 符号帳の014番目の代表ベクトルと一致
     20 符号帳の016番目の代表ベクトルと一致
      1 符号帳の018番目の代表ベクトルと一致
     34 符号帳の019番目の代表ベクトルと一致
      9 符号帳の021番目の代表ベクトルと一致
     13 符号帳の022番目の代表ベクトルと一致
     16 符号帳の023番目の代表ベクトルと一致
     21 符号帳の024番目の代表ベクトルと一致
      9 符号帳の025番目の代表ベクトルと一致
      2 符号帳の026番目の代表ベクトルと一致
     41 符号帳の027番目の代表ベクトルと一致
      1 符号帳の028番目の代表ベクトルと一致
      1 符号帳の031番目の代表ベクトルと一致
      3 符号帳の033番目の代表ベクトルと一致
      6 符号帳の034番目の代表ベクトルと一致
      1 符号帳の035番目の代表ベクトルと一致
      1 符号帳の036番目の代表ベクトルと一致
      1 符号帳の041番目の代表ベクトルと一致
     13 符号帳の042番目の代表ベクトルと一致
      7 符号帳の043番目の代表ベクトルと一致
      1 符号帳の048番目の代表ベクトルと一致
      7 符号帳の049番目の代表ベクトルと一致
      1 符号帳の052番目の代表ベクトルと一致
      2 符号帳の053番目の代表ベクトルと一致
      1 符号帳の054番目の代表ベクトルと一致
      1 符号帳の055番目の代表ベクトルと一致
      1 符号帳の056番目の代表ベクトルと一致
      3 符号帳の058番目の代表ベクトルと一致
      1 符号帳の064番目の代表ベクトルと一致
      1 符号帳の068番目の代表ベクトルと一致
      1 符号帳の071番目の代表ベクトルと一致
      1 符号帳の076番目の代表ベクトルと一致
      1 符号帳の079番目の代表ベクトルと一致
      1 符号帳の087番目の代表ベクトルと一致
      2 符号帳の093番目の代表ベクトルと一致
      1 符号帳の100番目の代表ベクトルと一致
      1 符号帳の103番目の代表ベクトルと一致
      1 符号帳の111番目の代表ベクトルと一致
      1 符号帳の112番目の代表ベクトルと一致
      1 符号帳の117番目の代表ベクトルと一致
      2 符号帳の120番目の代表ベクトルと一致
      3 符号帳の130番目の代表ベクトルと一致
      1 符号帳の152番目の代表ベクトルと一致
      1 符号帳の154番目の代表ベクトルと一致
      1 符号帳の164番目の代表ベクトルと一致
      5 符号帳の184番目の代表ベクトルと一致
      1 符号帳の188番目の代表ベクトルと一致
      2 符号帳の190番目の代表ベクトルと一致
      1 符号帳の194番目の代表ベクトルと一致
      2 符号帳の203番目の代表ベクトルと一致
      2 符号帳の207番目の代表ベクトルと一致
      1 符号帳の222番目の代表ベクトルと一致
      1 符号帳の223番目の代表ベクトルと一致
      1 符号帳の225番目の代表ベクトルと一致
      1 符号帳の237番目の代表ベクトルと一致
      1 符号帳の268番目の代表ベクトルと一致
      1 符号帳の282番目の代表ベクトルと一致
      1 符号帳の283番目の代表ベクトルと一致
      1 符号帳の295番目の代表ベクトルと一致
      3 符号帳の302番目の代表ベクトルと一致
      1 符号帳の308番目の代表ベクトルと一致
      1 符号帳の325番目の代表ベクトルと一致
      1 符号帳の326番目の代表ベクトルと一致
      1 符号帳の329番目の代表ベクトルと一致
      1 符号帳の376番目の代表ベクトルと一致
      1 符号帳の439番目の代表ベクトルと一致
      1 符号帳の487番目の代表ベクトルと一致
      1 符号帳の489番目の代表ベクトルと一致
      1 符号帳の547番目の代表ベクトルと一致
      1 符号帳の566番目の代表ベクトルと一致
      1 符号帳の594番目の代表ベクトルと一致
      1 符号帳の598番目の代表ベクトルと一致
      1 符号帳の619番目の代表ベクトルと一致
      1 符号帳の620番目の代表ベクトルと一致
      1 符号帳の622番目の代表ベクトルと一致
      1 符号帳の623番目の代表ベクトルと一致
      1 符号帳の626番目の代表ベクトルと一致
      1 符号帳の630番目の代表ベクトルと一致
      1 符号帳の656番目の代表ベクトルと一致
      1 符号帳の663番目の代表ベクトルと一致
      1 符号帳の666番目の代表ベクトルと一致
