  33595 符号帳の001番目の代表ベクトルと一致
   5361 符号帳の002番目の代表ベクトルと一致
    896 符号帳の003番目の代表ベクトルと一致
    198 符号帳の004番目の代表ベクトルと一致
    187 符号帳の005番目の代表ベクトルと一致
    172 符号帳の006番目の代表ベクトルと一致
    167 符号帳の007番目の代表ベクトルと一致
    142 符号帳の008番目の代表ベクトルと一致
    132 符号帳の009番目の代表ベクトルと一致
    122 符号帳の010番目の代表ベクトルと一致
    118 符号帳の011番目の代表ベクトルと一致
    106 符号帳の012番目の代表ベクトルと一致
     90 符号帳の013番目の代表ベクトルと一致
     74 符号帳の014番目の代表ベクトルと一致
     73 符号帳の015番目の代表ベクトルと一致
     68 符号帳の016番目の代表ベクトルと一致
     65 符号帳の017番目の代表ベクトルと一致
     63 符号帳の018番目の代表ベクトルと一致
     58 符号帳の019番目の代表ベクトルと一致
     58 符号帳の020番目の代表ベクトルと一致
     56 符号帳の021番目の代表ベクトルと一致
     54 符号帳の022番目の代表ベクトルと一致
     52 符号帳の023番目の代表ベクトルと一致
     51 符号帳の024番目の代表ベクトルと一致
     44 符号帳の025番目の代表ベクトルと一致
     44 符号帳の026番目の代表ベクトルと一致
     43 符号帳の027番目の代表ベクトルと一致
     35 符号帳の028番目の代表ベクトルと一致
     26 符号帳の029番目の代表ベクトルと一致
     25 符号帳の030番目の代表ベクトルと一致
     23 符号帳の031番目の代表ベクトルと一致
     18 符号帳の032番目の代表ベクトルと一致
     17 符号帳の033番目の代表ベクトルと一致
     16 符号帳の034番目の代表ベクトルと一致
     13 符号帳の035番目の代表ベクトルと一致
     12 符号帳の036番目の代表ベクトルと一致
     11 符号帳の037番目の代表ベクトルと一致
     10 符号帳の038番目の代表ベクトルと一致
     10 符号帳の039番目の代表ベクトルと一致
      9 符号帳の040番目の代表ベクトルと一致
      6 符号帳の041番目の代表ベクトルと一致
      6 符号帳の042番目の代表ベクトルと一致
      5 符号帳の043番目の代表ベクトルと一致
      5 符号帳の044番目の代表ベクトルと一致
      4 符号帳の045番目の代表ベクトルと一致
      4 符号帳の046番目の代表ベクトルと一致
      4 符号帳の047番目の代表ベクトルと一致
      4 符号帳の048番目の代表ベクトルと一致
      4 符号帳の049番目の代表ベクトルと一致
      3 符号帳の050番目の代表ベクトルと一致
      3 符号帳の051番目の代表ベクトルと一致
      3 符号帳の052番目の代表ベクトルと一致
      3 符号帳の053番目の代表ベクトルと一致
      3 符号帳の054番目の代表ベクトルと一致
      3 符号帳の055番目の代表ベクトルと一致
      2 符号帳の056番目の代表ベクトルと一致
      2 符号帳の057番目の代表ベクトルと一致
      2 符号帳の058番目の代表ベクトルと一致
      2 符号帳の059番目の代表ベクトルと一致
      2 符号帳の060番目の代表ベクトルと一致
      2 符号帳の061番目の代表ベクトルと一致
      2 符号帳の062番目の代表ベクトルと一致
      2 符号帳の063番目の代表ベクトルと一致
      2 符号帳の064番目の代表ベクトルと一致
      2 符号帳の065番目の代表ベクトルと一致
      1 符号帳の066番目の代表ベクトルと一致
      1 符号帳の067番目の代表ベクトルと一致
      1 符号帳の068番目の代表ベクトルと一致
      1 符号帳の069番目の代表ベクトルと一致
      1 符号帳の070番目の代表ベクトルと一致
      1 符号帳の071番目の代表ベクトルと一致
