   8539 符号帳の001番目の代表ベクトルと一致
   1368 符号帳の002番目の代表ベクトルと一致
      6 符号帳の003番目の代表ベクトルと一致
     92 符号帳の004番目の代表ベクトルと一致
     35 符号帳の005番目の代表ベクトルと一致
     32 符号帳の006番目の代表ベクトルと一致
     72 符号帳の007番目の代表ベクトルと一致
      2 符号帳の008番目の代表ベクトルと一致
     43 符号帳の009番目の代表ベクトルと一致
     70 符号帳の010番目の代表ベクトルと一致
    122 符号帳の011番目の代表ベクトルと一致
     11 符号帳の012番目の代表ベクトルと一致
     78 符号帳の013番目の代表ベクトルと一致
      2 符号帳の014番目の代表ベクトルと一致
     24 符号帳の016番目の代表ベクトルと一致
      1 符号帳の018番目の代表ベクトルと一致
     19 符号帳の019番目の代表ベクトルと一致
      4 符号帳の021番目の代表ベクトルと一致
     15 符号帳の022番目の代表ベクトルと一致
      8 符号帳の023番目の代表ベクトルと一致
      6 符号帳の024番目の代表ベクトルと一致
      5 符号帳の025番目の代表ベクトルと一致
      2 符号帳の026番目の代表ベクトルと一致
     44 符号帳の027番目の代表ベクトルと一致
      1 符号帳の033番目の代表ベクトルと一致
     15 符号帳の042番目の代表ベクトルと一致
      2 符号帳の049番目の代表ベクトルと一致
      1 符号帳の052番目の代表ベクトルと一致
      1 符号帳の053番目の代表ベクトルと一致
      1 符号帳の058番目の代表ベクトルと一致
      1 符号帳の060番目の代表ベクトルと一致
      1 符号帳の064番目の代表ベクトルと一致
      1 符号帳の068番目の代表ベクトルと一致
      1 符号帳の073番目の代表ベクトルと一致
      1 符号帳の075番目の代表ベクトルと一致
      1 符号帳の086番目の代表ベクトルと一致
      1 符号帳の105番目の代表ベクトルと一致
      1 符号帳の106番目の代表ベクトルと一致
      1 符号帳の114番目の代表ベクトルと一致
      2 符号帳の120番目の代表ベクトルと一致
      1 符号帳の130番目の代表ベクトルと一致
      1 符号帳の137番目の代表ベクトルと一致
      1 符号帳の146番目の代表ベクトルと一致
      1 符号帳の152番目の代表ベクトルと一致
      1 符号帳の153番目の代表ベクトルと一致
      1 符号帳の155番目の代表ベクトルと一致
      1 符号帳の163番目の代表ベクトルと一致
      1 符号帳の164番目の代表ベクトルと一致
      4 符号帳の184番目の代表ベクトルと一致
      1 符号帳の190番目の代表ベクトルと一致
      1 符号帳の194番目の代表ベクトルと一致
      1 符号帳の222番目の代表ベクトルと一致
      1 符号帳の267番目の代表ベクトルと一致
      1 符号帳の282番目の代表ベクトルと一致
      1 符号帳の295番目の代表ベクトルと一致
      1 符号帳の331番目の代表ベクトルと一致
      1 符号帳の502番目の代表ベクトルと一致
      1 符号帳の598番目の代表ベクトルと一致
      1 符号帳の622番目の代表ベクトルと一致
      1 符号帳の623番目の代表ベクトルと一致
      1 符号帳の628番目の代表ベクトルと一致
