  33950 符号帳の001番目の代表ベクトルと一致
   5617 符号帳の002番目の代表ベクトルと一致
   1343 符号帳の003番目の代表ベクトルと一致
    214 符号帳の004番目の代表ベクトルと一致
    197 符号帳の005番目の代表ベクトルと一致
    176 符号帳の006番目の代表ベクトルと一致
    174 符号帳の007番目の代表ベクトルと一致
    145 符号帳の008番目の代表ベクトルと一致
    145 符号帳の009番目の代表ベクトルと一致
    131 符号帳の010番目の代表ベクトルと一致
    131 符号帳の011番目の代表ベクトルと一致
    107 符号帳の012番目の代表ベクトルと一致
      4 符号帳の013番目の代表ベクトルと一致
      3 符号帳の014番目の代表ベクトルと一致
      1 符号帳の015番目の代表ベクトルと一致
      2 符号帳の016番目の代表ベクトルと一致
      4 符号帳の017番目の代表ベクトルと一致
      1 符号帳の019番目の代表ベクトルと一致
      2 符号帳の022番目の代表ベクトルと一致
      8 符号帳の029番目の代表ベクトルと一致
     25 符号帳の030番目の代表ベクトルと一致
     16 符号帳の031番目の代表ベクトルと一致
      6 符号帳の032番目の代表ベクトルと一致
